#
# A fatal error has been detected by the Java Runtime Environment:
#
#  EXCEPTION_ACCESS_VIOLATION (0xc0000005) at pc=0x000000006559e681, pid=98100, tid=98212
#
# JRE version: 7.0-b147
# Java VM: Java HotSpot(TM) 64-Bit Server VM (21.0-b17 mixed mode windows-amd64 compressed oops)
# Problematic frame:
# C  [gdx64.dll+0x1e681]
#
# Failed to write core dump. Minidumps are not enabled by default on client versions of Windows
#
# If you would like to submit a bug report, please visit:
#   http://bugreport.sun.com/bugreport/crash.jsp
# The crash happened outside the Java Virtual Machine in native code.
# See problematic frame for where to report the bug.
#

---------------  T H R E A D  ---------------

Current thread (0x00000000076ae800):  JavaThread "LWJGL Application" [_thread_in_native, id=98212, stack(0x0000000008b50000,0x0000000008c50000)]

siginfo: ExceptionCode=0xc0000005, reading address 0x0000002600000012

Registers:
RAX=0x0000002600000002, RBX=0x0000000000389360, RCX=0x0000000000385350, RDX=0x0000000000365fe0
RSP=0x0000000008c4f270, RBP=0x0000000008c4f330, RSI=0x0000000000365fe0, RDI=0x0000000008c4f330
R8 =0x0000000000385350, R9 =0x0000000008c4f330, R10=0x0000000000002fc6, R11=0x0000000000000001
R12=0x0000000000000000, R13=0x000000077beb67b0, R14=0x0000000008c4f4b0, R15=0x00000000076ae800
RIP=0x000000006559e681, EFLAGS=0x0000000000010202

Top of Stack: (sp=0x0000000008c4f270)
0x0000000008c4f270:   0000000000365fe0 0000000000000003
0x0000000008c4f280:   000000077beb67b0 0000000000000000
0x0000000008c4f290:   0000000000385350 0000000000385350
0x0000000008c4f2a0:   0000000000365fe0 0000000000389360
0x0000000008c4f2b0:   0000000008c4f330 000000006559d719
0x0000000008c4f2c0:   00000000076ae800 0000000008c4f4b0
0x0000000008c4f2d0:   000000077beb67b0 0000000000000000
0x0000000008c4f2e0:   00000000076ae800 000000077beb67b0
0x0000000008c4f2f0:   00000000ef7ba67d 00000000025f6155
0x0000000008c4f300:   0000000008c4f438 00000000655a6f91
0x0000000008c4f310:   0000000006796bc8 000000000672a698
0x0000000008c4f320:   00000000ef7ba67d 00000000025f6155
0x0000000008c4f330:   0000000000385350 0000000000000000
0x0000000008c4f340:   3f4ccccd3f800000 000100003e4ccccd
0x0000000008c4f350:   000000000000ffff 00000000076ae800
0x0000000008c4f360:   00000000000000b7 00000000026021e9 

Instructions: (pc=0x000000006559e681)
0x000000006559e661:   41 24 41 8b 41 1e 89 41 34 41 0f b7 41 22 66 89
0x000000006559e671:   41 38 41 0f b6 41 1c 88 41 3a 49 8b 09 48 8b 01
0x000000006559e681:   ff 50 10 48 8b 10 48 89 c1 48 89 43 18 ff 52 18
0x000000006559e691:   89 c2 89 c5 48 89 f1 c1 e2 05 e8 c0 c8 fe ff 85 


Register to memory mapping:

RAX=0x0000002600000002 is an unknown value
RBX=0x0000000000389360 is an unknown value
RCX=0x0000000000385350 is an unknown value
RDX=0x0000000000365fe0 is an unknown value
RSP=0x0000000008c4f270 is pointing into the stack for thread: 0x00000000076ae800
RBP=0x0000000008c4f330 is pointing into the stack for thread: 0x00000000076ae800
RSI=0x0000000000365fe0 is an unknown value
RDI=0x0000000008c4f330 is pointing into the stack for thread: 0x00000000076ae800
R8 =0x0000000000385350 is an unknown value
R9 =0x0000000008c4f330 is pointing into the stack for thread: 0x00000000076ae800
R10=0x0000000000002fc6 is an unknown value
R11=0x0000000000000001 is an unknown value
R12=0x0000000000000000 is an unknown value
R13=0x000000077beb67b0 is an oop
{method} 
 - klass: {other class}
R14=0x0000000008c4f4b0 is pointing into the stack for thread: 0x00000000076ae800
R15=0x00000000076ae800 is a thread


Stack: [0x0000000008b50000,0x0000000008c50000],  sp=0x0000000008c4f270,  free space=1020k
Native frames: (J=compiled Java code, j=interpreted, Vv=VM code, C=native code)
C  [gdx64.dll+0x1e681]

Java frames: (J=compiled Java code, j=interpreted, Vv=VM code)
j  com.badlogic.gdx.physics.box2d.Body.jniCreateFixture(JJFFFZSSS)J+0
j  com.badlogic.gdx.physics.box2d.Body.createFixture(Lcom/badlogic/gdx/physics/box2d/FixtureDef;)Lcom/badlogic/gdx/physics/box2d/Fixture;+49
j  com.me.stratofall.screens.GameScreen.update()V+67
j  com.me.stratofall.screens.GameScreen.render(F)V+63
j  com.badlogic.gdx.Game.render()V+19
j  com.me.stratofall.Stratofall.render()V+1
j  com.badlogic.gdx.backends.lwjgl.LwjglApplication.mainLoop()V+491
j  com.badlogic.gdx.backends.lwjgl.LwjglApplication$1.run()V+27
v  ~StubRoutines::call_stub

---------------  P R O C E S S  ---------------

Java Threads: ( => current thread )
  0x000000000c7cc000 JavaThread "LWJGL Timer" daemon [_thread_blocked, id=98244, stack(0x00000000107f0000,0x00000000108f0000)]
  0x0000000007746800 JavaThread "AssetManager-Loader-Thread" daemon [_thread_blocked, id=98220, stack(0x000000000d780000,0x000000000d880000)]
  0x000000000227c000 JavaThread "DestroyJavaVM" [_thread_blocked, id=98124, stack(0x00000000024f0000,0x00000000025f0000)]
=>0x00000000076ae800 JavaThread "LWJGL Application" [_thread_in_native, id=98212, stack(0x0000000008b50000,0x0000000008c50000)]
  0x0000000006745800 JavaThread "Service Thread" daemon [_thread_blocked, id=98172, stack(0x0000000007420000,0x0000000007520000)]
  0x0000000006739000 JavaThread "C2 CompilerThread1" daemon [_thread_blocked, id=98168, stack(0x00000000072a0000,0x00000000073a0000)]
  0x0000000006732800 JavaThread "C2 CompilerThread0" daemon [_thread_blocked, id=98164, stack(0x0000000007120000,0x0000000007220000)]
  0x000000000672b800 JavaThread "Attach Listener" daemon [_thread_blocked, id=98160, stack(0x0000000006e50000,0x0000000006f50000)]
  0x0000000006726000 JavaThread "Signal Dispatcher" daemon [_thread_blocked, id=98156, stack(0x0000000006bc0000,0x0000000006cc0000)]
  0x00000000021f3000 JavaThread "Finalizer" daemon [_thread_blocked, id=98152, stack(0x0000000006cd0000,0x0000000006dd0000)]
  0x00000000021eb000 JavaThread "Reference Handler" daemon [_thread_blocked, id=98148, stack(0x0000000006960000,0x0000000006a60000)]

Other Threads:
  0x00000000021e6800 VMThread [stack: 0x0000000006a70000,0x0000000006b70000] [id=98144]
  0x000000000674e000 WatcherThread [stack: 0x0000000007550000,0x0000000007650000] [id=98176]

VM state:not at safepoint (normal execution)

VM Mutex/Monitor currently owned by a thread: None

Heap
 PSYoungGen      total 38080K, used 23443K [0x00000007d58b0000, 0x00000007d8320000, 0x0000000800000000)
  eden space 32704K, 71% used [0x00000007d58b0000,0x00000007d6f94f30,0x00000007d78a0000)
  from space 5376K, 0% used [0x00000007d7de0000,0x00000007d7de0000,0x00000007d8320000)
  to   space 5376K, 0% used [0x00000007d78a0000,0x00000007d78a0000,0x00000007d7de0000)
 PSOldGen        total 86912K, used 0K [0x0000000780a00000, 0x0000000785ee0000, 0x00000007d58b0000)
  object space 86912K, 0% used [0x0000000780a00000,0x0000000780a00000,0x0000000785ee0000)
 PSPermGen       total 21248K, used 6909K [0x000000077b800000, 0x000000077ccc0000, 0x0000000780a00000)
  object space 21248K, 32% used [0x000000077b800000,0x000000077bebf468,0x000000077ccc0000)

Code Cache  [0x00000000025f0000, 0x0000000002860000, 0x00000000055f0000)
 total_blobs=457 nmethods=65 adapters=344 free_code_cache=48541Kb largest_free_block=49695232

Dynamic libraries:
0x000000013f9f0000 - 0x000000013fa23000 	C:\Program Files\Java\jre7\bin\javaw.exe
0x0000000077900000 - 0x0000000077aa9000 	C:\Windows\SYSTEM32\ntdll.dll
0x00000000777e0000 - 0x00000000778ff000 	C:\Windows\system32\kernel32.dll
0x000007fefd840000 - 0x000007fefd8ab000 	C:\Windows\system32\KERNELBASE.dll
0x000007feff880000 - 0x000007feff95b000 	C:\Windows\system32\ADVAPI32.dll
0x000007feff7e0000 - 0x000007feff87f000 	C:\Windows\system32\msvcrt.dll
0x000007fefddd0000 - 0x000007fefddef000 	C:\Windows\SYSTEM32\sechost.dll
0x000007fefe140000 - 0x000007fefe26d000 	C:\Windows\system32\RPCRT4.dll
0x00000000776e0000 - 0x00000000777da000 	C:\Windows\system32\USER32.dll
0x000007fefe080000 - 0x000007fefe0e7000 	C:\Windows\system32\GDI32.dll
0x000007fefe610000 - 0x000007fefe61e000 	C:\Windows\system32\LPK.dll
0x000007fefdc20000 - 0x000007fefdce9000 	C:\Windows\system32\USP10.dll
0x000007fefc1f0000 - 0x000007fefc3e4000 	C:\Windows\WinSxS\amd64_microsoft.windows.common-controls_6595b64144ccf1df_6.0.7601.17514_none_fa396087175ac9ac\COMCTL32.dll
0x000007feffb90000 - 0x000007feffc01000 	C:\Windows\system32\SHLWAPI.dll
0x000007fefe0f0000 - 0x000007fefe11e000 	C:\Windows\system32\IMM32.DLL
0x000007fefdb10000 - 0x000007fefdc19000 	C:\Windows\system32\MSCTF.dll
0x000000006a840000 - 0x000000006a911000 	C:\Program Files\Java\jre7\bin\msvcr100.dll
0x000000006ca00000 - 0x000000006d0ce000 	C:\Program Files\Java\jre7\bin\server\jvm.dll
0x000007fef5ac0000 - 0x000007fef5ac9000 	C:\Windows\system32\WSOCK32.dll
0x000007feff6e0000 - 0x000007feff72d000 	C:\Windows\system32\WS2_32.dll
0x000007feff7d0000 - 0x000007feff7d8000 	C:\Windows\system32\NSI.dll
0x000007fefb670000 - 0x000007fefb6ab000 	C:\Windows\system32\WINMM.dll
0x0000000077ad0000 - 0x0000000077ad7000 	C:\Windows\system32\PSAPI.DLL
0x0000000072610000 - 0x000000007261f000 	C:\Program Files\Java\jre7\bin\verify.dll
0x00000000725e0000 - 0x0000000072608000 	C:\Program Files\Java\jre7\bin\java.dll
0x00000000725c0000 - 0x00000000725d5000 	C:\Program Files\Java\jre7\bin\zip.dll
0x0000000065580000 - 0x000000006560d000 	C:\Users\Shane\AppData\Local\Temp\libgdxShane\123946040\gdx64.dll
0x0000000180000000 - 0x0000000180050000 	C:\Users\Shane\AppData\Local\Temp\libgdxShane\27538956\lwjgl64.dll
0x000007fef43f0000 - 0x000007fef450d000 	C:\Windows\system32\OPENGL32.dll
0x000007fef5d30000 - 0x000007fef5d5d000 	C:\Windows\system32\GLU32.dll
0x000007fef1e70000 - 0x000007fef1f61000 	C:\Windows\system32\DDRAW.dll
0x000007fef4800000 - 0x000007fef4808000 	C:\Windows\system32\DCIMAN32.dll
0x000007fefe430000 - 0x000007fefe607000 	C:\Windows\system32\SETUPAPI.dll
0x000007fefd8c0000 - 0x000007fefd8f6000 	C:\Windows\system32\CFGMGR32.dll
0x000007fefdcf0000 - 0x000007fefddc7000 	C:\Windows\system32\OLEAUT32.dll
0x000007feff4d0000 - 0x000007feff6d3000 	C:\Windows\system32\ole32.dll
0x000007fefd800000 - 0x000007fefd81a000 	C:\Windows\system32\DEVOBJ.dll
0x000007fefc8f0000 - 0x000007fefc908000 	C:\Windows\system32\dwmapi.dll
0x000007fefc840000 - 0x000007fefc84c000 	C:\Windows\system32\VERSION.dll
0x0000000002200000 - 0x0000000002262000 	C:\Users\Shane\AppData\Local\Temp\libgdxShane\27538956\OpenAL64.dll
0x000007fefe620000 - 0x000007feff3a8000 	C:\Windows\system32\SHELL32.dll
0x000007fefd570000 - 0x000007fefd57f000 	C:\Windows\system32\CRYPTBASE.dll
0x000007fefbe70000 - 0x000007fefbec6000 	C:\Windows\system32\uxtheme.dll
0x000007feff3b0000 - 0x000007feff449000 	C:\Windows\system32\CLBCatQ.DLL
0x000007fefbed0000 - 0x000007fefbffc000 	C:\Windows\System32\PROPSYS.dll
0x000007fefd7c0000 - 0x000007fefd7fa000 	C:\Windows\system32\WINTRUST.dll
0x000007fefd900000 - 0x000007fefda6c000 	C:\Windows\system32\CRYPT32.dll
0x000007fefd780000 - 0x000007fefd78f000 	C:\Windows\system32\MSASN1.dll
0x000007fef8800000 - 0x000007fef8888000 	C:\Windows\system32\dsound.dll
0x000007fefc710000 - 0x000007fefc73c000 	C:\Windows\system32\POWRPROF.dll
0x000007fefb9f0000 - 0x000007fefba3b000 	C:\Windows\System32\MMDevApi.dll
0x000007fefb520000 - 0x000007fefb56f000 	C:\Windows\system32\AUDIOSES.DLL
0x000007fef2d40000 - 0x000007fef2d58000 	C:\Windows\system32\atig6pxx.dll
0x000000006d680000 - 0x000000006ef6c000 	C:\Windows\system32\atio6axx.dll
0x000007fefa3c0000 - 0x000007fefa4dc000 	C:\Windows\system32\atiadlxx.dll
0x000007fefc9e0000 - 0x000007fefc9fe000 	C:\Windows\system32\USERENV.dll
0x000007fefd600000 - 0x000007fefd60f000 	C:\Windows\system32\profapi.dll
0x000007fefc740000 - 0x000007fefc751000 	C:\Windows\system32\WTSAPI32.dll
0x000007fefb1c0000 - 0x000007fefb1e7000 	C:\Windows\system32\IPHLPAPI.DLL
0x000007fefb170000 - 0x000007fefb17b000 	C:\Windows\system32\WINNSI.DLL
0x000007fef8f80000 - 0x000007fef90bd000 	C:\Windows\system32\aticfx64.dll
0x000007fef1b60000 - 0x000007fef1b7e000 	C:\Windows\system32\atig6txx.dll
0x000007fef1480000 - 0x000007fef151c000 	C:\Windows\system32\mscms.dll
0x000007fef6d70000 - 0x000007fef6db2000 	C:\Windows\system32\icm32.dll

VM Arguments:
jvm_args: -Dfile.encoding=Cp1252 
java_command: com.me.stratofall.Main
Launcher Type: SUN_STANDARD

Environment Variables:
JAVA_HOME=C:\Program Files (x86)\Java\jdk1.7.0
CLASSPATH=.;C:\Program Files (x86)\Java\jre7\lib\ext\QTJava.zip
PATH=C:\Program Files (x86)\AMD APP\bin\x86_64;C:\Program Files (x86)\AMD APP\bin\x86;C:\Program Files\ImageMagick-6.8.0-Q16;C:\Program Files\Common Files\Microsoft Shared\Windows Live;C:\Program Files (x86)\Common Files\Microsoft Shared\Windows Live;C:\Program Files (x86)\NVIDIA Corporation\PhysX\Common;C:\Perl\site\bin;C:\Perl\bin;C:\Windows\system32;C:\Windows;C:\Windows\System32\Wbem;C:\Windows\System32\WindowsPowerShell\v1.0\;C:\Program Files (x86)\ATI Technologies\ATI.ACE\Core-Static;C:\Program Files (x86)\Windows Live\Shared;c:\Program Files (x86)\Microsoft SQL Server\100\Tools\Binn\;c:\Program Files\Microsoft SQL Server\100\Tools\Binn\;c:\Program Files\Microsoft SQL Server\100\DTS\Binn\;C:\Program Files (x86)\Git\bin;C:\Program Files (x86)\Java\apache-maven-3.0.4\bin;C:\Program Files (x86)\QuickTime\QTSystem\;C:\Python27\;C:\Python27\Scripts
USERNAME=Shane
OS=Windows_NT
PROCESSOR_IDENTIFIER=Intel64 Family 6 Model 58 Stepping 9, GenuineIntel



---------------  S Y S T E M  ---------------

OS: Windows 7 , 64 bit Build 7601 Service Pack 1

CPU:total 4 (4 cores per cpu, 1 threads per core) family 6 model 58 stepping 9, cmov, cx8, fxsr, mmx, sse, sse2, sse3, ssse3, sse4.1, sse4.2, popcnt

Memory: 4k page, physical 8340104k(3728216k free), swap 16678344k(10218956k free)

vm_info: Java HotSpot(TM) 64-Bit Server VM (21.0-b17) for windows-amd64 JRE (1.7.0-b147), built on Jun 27 2011 02:19:45 by "java_re" with unknown MS VC++:1600

time: Fri Oct 18 13:56:35 2013
elapsed time: 1 seconds

